Info: 2023/04/12 16:52:56 logWriter.go:29: [123 34 73 68 34 58 48 44 34 85 115 101 114 73 68 34 58 49 44 34 86 111 117 99 104 101 114 73 68 34 58 50 44 34 80 97 121 84 121 112 101 34 58 48 44 34 83 116 97 116 117 115 34 58 49 44 34 67 114 101 97 116 101 84 105 109 101 34 58 34 50 48 50 51 45 48 52 45 49 50 32 49 54 58 53 50 58 53 54 34 44 34 80 97 121 84 105 109 101 34 58 34 50 48 48 48 45 48 49 45 48 49 32 48 48 58 48 48 58 48 48 34 44 34 85 115 101 84 105 109 101 34 58 34 50 48 48 54 45 48 49 45 48 50 32 49 53 58 48 52 58 48 53 34 44 34 82 101 102 117 110 100 84 105 109 101 34 58 34 50 48 48 54 45 48 49 45 48 50 32 49 53 58 48 52 58 48 53 34 44 34 85 112 100 97 116 101 84 105 109 101 34 58 34 50 48 50 51 45 48 52 45 49 50 32 49 54 58 53 50 58 53 54 34 125]
Info: 2023/04/12 16:55:36 logWriter.go:30: [123 34 73 68 34 58 48 44 34 85 115 101 114 73 68 34 58 49 44 34 86 111 117 99 104 101 114 73 68 34 58 50 44 34 80 97 121 84 121 112 101 34 58 48 44 34 83 116 97 116 117 115 34 58 49 44 34 67 114 101 97 116 101 84 105 109 101 34 58 34 50 48 50 51 45 48 52 45 49 50 32 49 54 58 53 53 58 51 54 34 44 34 80 97 121 84 105 109 101 34 58 34 50 48 48 48 45 48 49 45 48 49 32 48 48 58 48 48 58 48 48 34 44 34 85 115 101 84 105 109 101 34 58 34 50 48 48 54 45 48 49 45 48 50 32 49 53 58 48 52 58 48 53 34 44 34 82 101 102 117 110 100 84 105 109 101 34 58 34 50 48 48 54 45 48 49 45 48 50 32 49 53 58 48 52 58 48 53 34 44 34 85 112 100 97 116 101 84 105 109 101 34 58 34 50 48 50 51 45 48 52 45 49 50 32 49 54 58 53 53 58 51 54 34 125]
Info: 2023/04/12 16:57:52 logWriter.go:30: {"ID":0,"UserID":1,"VoucherID":2,"PayType":0,"Status":1,"CreateTime":"2023-04-12 16:57:52","PayTime":"2000-01-01 00:00:00","UseTime":"2006-01-02 15:04:05","RefundTime":"2006-01-02 15:04:05","UpdateTime":"2023-04-12 16:57:52"}
Info: 2023/04/12 17:01:20 api.go:48: {"ID":0,"UserID":1,"VoucherID":2,"PayType":0,"Status":1,"CreateTime":"2023-04-12 17:01:20","PayTime":"2000-01-01 00:00:00","UseTime":"2006-01-02 15:04:05","RefundTime":"2006-01-02 15:04:05","UpdateTime":"2023-04-12 17:01:20"}
Info: 2023/04/13 09:48:42 redisLock.go:19: 
Info: 2023/04/13 09:48:42 redisLock.go:19: 
Info: 2023/04/13 09:53:28 redisLock.go:19: 
Info: 2023/04/13 09:53:28 redisLock.go:19: 
Info: 2023/04/13 09:55:51 redisLock.go:20: 
Info: 2023/04/13 09:55:51 redisLock.go:20: 
Info: 2023/04/13 09:57:11 redisLock.go:21: 
Info: 2023/04/13 09:57:11 redisLock.go:21: 
Info: 2023/04/13 10:00:34 redisLock.go:21: 
Info: 2023/04/13 10:00:34 redisLock.go:21: 
Info: 2023/04/13 10:02:45 redisLock.go:22: 
Info: 2023/04/13 10:02:45 redisLock.go:23: 
Info: 2023/04/13 10:02:45 redisLock.go:22: 
Info: 2023/04/13 10:02:45 redisLock.go:23: 
Info: 2023/04/13 10:04:32 redisLock.go:22: 
Info: 2023/04/13 10:04:32 redisLock.go:23: mytest
oiencoacdaki

Info: 2023/04/13 10:04:32 redisLock.go:22: 
Info: 2023/04/13 10:04:32 redisLock.go:23: mytest
oiencoacdaki

Info: 2023/04/13 10:05:14 redisLock.go:22: if redis.call("get", KEYS[1]) == ARGV[1] then
    return redis.call("del", KEYS[1])
else
    return 0
end
Info: 2023/04/13 10:05:14 redisLock.go:23: mytest
oiencoacdaki

Info: 2023/04/13 10:05:14 redisLock.go:22: if redis.call("get", KEYS[1]) == ARGV[1] then
    return redis.call("del", KEYS[1])
else
    return 0
end
Info: 2023/04/13 10:05:14 redisLock.go:23: mytest
oiencoacdaki

Info: 2023/04/13 15:05:23 redisLock.go:26: lua执行结果: %!s(int64=-1)
Info: 2023/04/13 15:08:06 redisLock.go:26: lua执行结果: -1
Info: 2023/04/13 17:27:14 api.go:52: {"VoucherID":2,"UserID":1}
Info: 2023/04/13 17:28:02 api.go:52: {"VoucherID":2,"UserID":1}
Info: 2023/04/13 17:28:07 api.go:52: {"VoucherID":2,"UserID":1}
Info: 2023/04/13 17:28:07 api.go:52: {"VoucherID":2,"UserID":1}
Info: 2023/04/13 17:28:07 api.go:52: {"VoucherID":2,"UserID":1}
Info: 2023/04/13 17:28:07 api.go:52: {"VoucherID":2,"UserID":1}
Info: 2023/04/13 17:28:07 api.go:52: {"VoucherID":2,"UserID":1}
Info: 2023/04/13 17:28:07 api.go:52: {"VoucherID":2,"UserID":1}
Info: 2023/04/13 17:28:07 api.go:52: {"VoucherID":2,"UserID":1}
Info: 2023/04/13 17:28:07 api.go:52: {"VoucherID":2,"UserID":1}
Info: 2023/04/13 17:28:07 api.go:52: {"VoucherID":2,"UserID":1}
Info: 2023/04/13 17:28:07 api.go:52: {"VoucherID":2,"UserID":1}
Info: 2023/04/13 17:28:07 api.go:52: {"VoucherID":2,"UserID":1}
Info: 2023/04/13 17:28:07 api.go:52: {"VoucherID":2,"UserID":1}
Info: 2023/04/13 17:28:07 api.go:52: {"VoucherID":2,"UserID":1}
Info: 2023/04/13 17:28:07 api.go:52: {"VoucherID":2,"UserID":1}
Info: 2023/04/13 17:28:07 api.go:52: {"VoucherID":2,"UserID":1}
Info: 2023/04/13 17:28:07 api.go:52: {"VoucherID":2,"UserID":1}
Info: 2023/04/13 17:28:07 api.go:52: {"VoucherID":2,"UserID":1}
Info: 2023/04/13 17:28:07 api.go:52: {"VoucherID":2,"UserID":1}
Info: 2023/04/13 17:28:07 api.go:52: {"VoucherID":2,"UserID":1}
Info: 2023/04/13 17:28:07 api.go:52: {"VoucherID":2,"UserID":1}
Info: 2023/04/13 17:28:07 api.go:52: {"VoucherID":2,"UserID":1}
Info: 2023/04/13 17:28:07 api.go:52: {"VoucherID":2,"UserID":1}
Info: 2023/04/13 17:28:07 api.go:52: {"VoucherID":2,"UserID":1}
Info: 2023/04/13 17:28:07 api.go:52: {"VoucherID":2,"UserID":1}
Info: 2023/04/13 17:28:07 api.go:52: {"VoucherID":2,"UserID":1}
Info: 2023/04/13 17:28:07 api.go:52: {"VoucherID":2,"UserID":1}
Info: 2023/04/13 17:28:07 api.go:52: {"VoucherID":2,"UserID":1}
Info: 2023/04/13 17:28:07 api.go:52: {"VoucherID":2,"UserID":1}
Info: 2023/04/13 17:28:07 api.go:52: {"VoucherID":2,"UserID":1}
Info: 2023/04/13 17:28:07 api.go:52: {"VoucherID":2,"UserID":1}
Info: 2023/04/13 17:28:07 api.go:52: {"VoucherID":2,"UserID":1}
Info: 2023/04/13 17:28:07 api.go:52: {"VoucherID":2,"UserID":1}
Info: 2023/04/13 17:28:07 api.go:52: {"VoucherID":2,"UserID":1}
Info: 2023/04/13 17:28:07 api.go:52: {"VoucherID":2,"UserID":1}
Info: 2023/04/13 17:28:07 api.go:52: {"VoucherID":2,"UserID":1}
Info: 2023/04/13 17:28:07 api.go:52: {"VoucherID":2,"UserID":1}
Info: 2023/04/13 17:28:07 api.go:52: {"VoucherID":2,"UserID":1}
Info: 2023/04/13 17:28:07 api.go:52: {"VoucherID":2,"UserID":1}
Info: 2023/04/13 17:28:07 api.go:52: {"VoucherID":2,"UserID":1}
Info: 2023/04/13 17:28:07 api.go:52: {"VoucherID":2,"UserID":1}
Info: 2023/04/13 17:28:07 api.go:52: {"VoucherID":2,"UserID":1}
Info: 2023/04/13 17:28:07 api.go:52: {"VoucherID":2,"UserID":1}
Info: 2023/04/13 17:28:07 api.go:52: {"VoucherID":2,"UserID":1}
Info: 2023/04/13 17:28:07 api.go:52: {"VoucherID":2,"UserID":1}
Info: 2023/04/13 17:28:07 api.go:52: {"VoucherID":2,"UserID":1}
Info: 2023/04/13 17:28:07 api.go:52: {"VoucherID":2,"UserID":1}
Info: 2023/04/13 17:28:07 api.go:52: {"VoucherID":2,"UserID":1}
Info: 2023/04/13 17:30:34 api.go:52: {"VoucherID":2,"UserID":1}
Info: 2023/04/13 17:30:34 api.go:52: {"VoucherID":2,"UserID":1}
Info: 2023/04/13 17:30:34 api.go:52: {"VoucherID":2,"UserID":1}
Info: 2023/04/13 17:30:34 api.go:52: {"VoucherID":2,"UserID":1}
Info: 2023/04/13 17:30:34 api.go:52: {"VoucherID":2,"UserID":1}
Info: 2023/04/13 17:30:34 api.go:52: {"VoucherID":2,"UserID":1}
Info: 2023/04/13 17:30:34 api.go:52: {"VoucherID":2,"UserID":1}
Info: 2023/04/13 17:30:34 api.go:52: {"VoucherID":2,"UserID":1}
Info: 2023/04/13 17:30:34 api.go:52: {"VoucherID":2,"UserID":1}
Info: 2023/04/13 17:30:34 api.go:52: {"VoucherID":2,"UserID":1}
Info: 2023/04/13 17:30:34 api.go:52: {"VoucherID":2,"UserID":1}
Info: 2023/04/13 17:30:34 api.go:52: {"VoucherID":2,"UserID":1}
Info: 2023/04/13 17:30:34 api.go:52: {"VoucherID":2,"UserID":1}
Info: 2023/04/13 17:30:34 api.go:52: {"VoucherID":2,"UserID":1}
Info: 2023/04/13 17:30:34 api.go:52: {"VoucherID":2,"UserID":1}
Info: 2023/04/13 17:30:34 api.go:52: {"VoucherID":2,"UserID":1}
Info: 2023/04/13 17:30:34 api.go:52: {"VoucherID":2,"UserID":1}
Info: 2023/04/13 17:30:34 api.go:52: {"VoucherID":2,"UserID":1}
Info: 2023/04/13 17:30:34 api.go:52: {"VoucherID":2,"UserID":1}
Info: 2023/04/13 17:30:34 api.go:52: {"VoucherID":2,"UserID":1}
Info: 2023/04/13 17:30:34 api.go:52: {"VoucherID":2,"UserID":1}
Info: 2023/04/13 17:30:34 api.go:52: {"VoucherID":2,"UserID":1}
Info: 2023/04/13 17:30:34 api.go:52: {"VoucherID":2,"UserID":1}
Info: 2023/04/13 17:30:34 api.go:52: {"VoucherID":2,"UserID":1}
Info: 2023/04/13 17:30:34 api.go:52: {"VoucherID":2,"UserID":1}
Info: 2023/04/13 17:30:34 api.go:52: {"VoucherID":2,"UserID":1}
Info: 2023/04/13 17:30:34 api.go:52: {"VoucherID":2,"UserID":1}
Info: 2023/04/13 17:30:34 api.go:52: {"VoucherID":2,"UserID":1}
Info: 2023/04/13 17:30:34 api.go:52: {"VoucherID":2,"UserID":1}
Info: 2023/04/13 17:30:34 api.go:52: {"VoucherID":2,"UserID":1}
Info: 2023/04/13 17:30:34 api.go:52: {"VoucherID":2,"UserID":1}
Info: 2023/04/13 17:30:34 api.go:52: {"VoucherID":2,"UserID":1}
Info: 2023/04/13 17:30:34 api.go:52: {"VoucherID":2,"UserID":1}
Info: 2023/04/13 17:30:34 api.go:52: {"VoucherID":2,"UserID":1}
Info: 2023/04/13 17:30:34 api.go:52: {"VoucherID":2,"UserID":1}
Info: 2023/04/13 17:30:34 api.go:52: {"VoucherID":2,"UserID":1}
Info: 2023/04/13 17:30:34 api.go:52: {"VoucherID":2,"UserID":1}
Info: 2023/04/13 17:30:34 api.go:52: {"VoucherID":2,"UserID":1}
Info: 2023/04/13 17:30:34 api.go:52: {"VoucherID":2,"UserID":1}
Info: 2023/04/13 17:30:34 api.go:52: {"VoucherID":2,"UserID":1}
Info: 2023/04/13 17:30:34 api.go:52: {"VoucherID":2,"UserID":1}
Info: 2023/04/13 17:30:34 api.go:52: {"VoucherID":2,"UserID":1}
Info: 2023/04/13 17:30:34 api.go:52: {"VoucherID":2,"UserID":1}
Info: 2023/04/13 17:30:34 api.go:52: {"VoucherID":2,"UserID":1}
Info: 2023/04/13 17:30:34 api.go:52: {"VoucherID":2,"UserID":1}
Info: 2023/04/13 17:30:34 api.go:52: {"VoucherID":2,"UserID":1}
Info: 2023/04/13 17:30:34 api.go:52: {"VoucherID":2,"UserID":1}
Info: 2023/04/13 17:30:34 api.go:52: {"VoucherID":2,"UserID":1}
Info: 2023/04/13 17:30:34 api.go:52: {"VoucherID":2,"UserID":1}
Info: 2023/04/13 17:30:34 api.go:52: {"VoucherID":2,"UserID":1}
Info: 2023/04/13 17:30:34 api.go:52: {"VoucherID":2,"UserID":1}
Info: 2023/04/13 17:30:34 api.go:52: {"VoucherID":2,"UserID":1}
Info: 2023/04/13 17:30:34 api.go:52: {"VoucherID":2,"UserID":1}
Info: 2023/04/13 17:30:34 api.go:52: {"VoucherID":2,"UserID":1}
Info: 2023/04/13 17:30:34 api.go:52: {"VoucherID":2,"UserID":1}
Info: 2023/04/13 17:30:34 api.go:52: {"VoucherID":2,"UserID":1}
Info: 2023/04/13 17:30:34 api.go:52: {"VoucherID":2,"UserID":1}
Info: 2023/04/13 17:30:34 api.go:52: {"VoucherID":2,"UserID":1}
Info: 2023/04/13 17:30:34 api.go:52: {"VoucherID":2,"UserID":1}
Info: 2023/04/13 17:30:34 api.go:52: {"VoucherID":2,"UserID":1}
Info: 2023/04/13 17:30:34 api.go:52: {"VoucherID":2,"UserID":1}
Info: 2023/04/13 17:30:34 api.go:52: {"VoucherID":2,"UserID":1}
Info: 2023/04/13 17:30:34 api.go:52: {"VoucherID":2,"UserID":1}
Info: 2023/04/13 17:30:34 api.go:52: {"VoucherID":2,"UserID":1}
Info: 2023/04/13 17:30:34 api.go:52: {"VoucherID":2,"UserID":1}
Info: 2023/04/13 17:30:34 api.go:52: {"VoucherID":2,"UserID":1}
Info: 2023/04/13 17:30:34 api.go:52: {"VoucherID":2,"UserID":1}
Info: 2023/04/13 17:30:34 api.go:52: {"VoucherID":2,"UserID":1}
Info: 2023/04/13 17:30:34 api.go:52: {"VoucherID":2,"UserID":1}
Info: 2023/04/13 17:30:34 api.go:52: {"VoucherID":2,"UserID":1}
Info: 2023/04/13 17:30:34 api.go:52: {"VoucherID":2,"UserID":1}
Info: 2023/04/13 17:30:34 api.go:52: {"VoucherID":2,"UserID":1}
Info: 2023/04/13 17:30:34 api.go:52: {"VoucherID":2,"UserID":1}
Info: 2023/04/13 17:30:34 api.go:52: {"VoucherID":2,"UserID":1}
Info: 2023/04/13 17:30:34 api.go:52: {"VoucherID":2,"UserID":1}
Info: 2023/04/13 17:30:34 api.go:52: {"VoucherID":2,"UserID":1}
Info: 2023/04/13 17:30:34 api.go:52: {"VoucherID":2,"UserID":1}
Info: 2023/04/13 17:30:34 api.go:52: {"VoucherID":2,"UserID":1}
Info: 2023/04/13 17:30:34 api.go:52: {"VoucherID":2,"UserID":1}
Info: 2023/04/13 17:30:34 api.go:52: {"VoucherID":2,"UserID":1}
Info: 2023/04/13 17:30:34 api.go:52: {"VoucherID":2,"UserID":1}
Info: 2023/04/13 17:30:34 api.go:52: {"VoucherID":2,"UserID":1}
Info: 2023/04/13 17:30:34 api.go:52: {"VoucherID":2,"UserID":1}
Info: 2023/04/13 17:30:34 api.go:52: {"VoucherID":2,"UserID":1}
Info: 2023/04/13 17:30:34 api.go:52: {"VoucherID":2,"UserID":1}
Info: 2023/04/13 17:30:34 api.go:52: {"VoucherID":2,"UserID":1}
Info: 2023/04/13 17:30:34 api.go:52: {"VoucherID":2,"UserID":1}
Info: 2023/04/13 17:30:34 api.go:52: {"VoucherID":2,"UserID":1}
Info: 2023/04/13 17:30:34 api.go:52: {"VoucherID":2,"UserID":1}
Info: 2023/04/13 17:30:34 api.go:52: {"VoucherID":2,"UserID":1}
Info: 2023/04/13 17:30:34 api.go:52: {"VoucherID":2,"UserID":1}
Info: 2023/04/13 17:30:34 api.go:52: {"VoucherID":2,"UserID":1}
Info: 2023/04/13 17:30:34 api.go:52: {"VoucherID":2,"UserID":1}
Info: 2023/04/13 17:30:34 api.go:52: {"VoucherID":2,"UserID":1}
Info: 2023/04/13 17:30:34 api.go:52: {"VoucherID":2,"UserID":1}
Info: 2023/04/13 17:30:34 api.go:52: {"VoucherID":2,"UserID":1}
Info: 2023/04/13 17:30:34 api.go:52: {"VoucherID":2,"UserID":1}
Info: 2023/04/13 17:30:34 api.go:52: {"VoucherID":2,"UserID":1}
Info: 2023/04/13 17:30:34 api.go:52: {"VoucherID":2,"UserID":1}
Info: 2023/04/13 17:30:34 api.go:52: {"VoucherID":2,"UserID":1}
Info: 2023/04/13 17:30:34 api.go:52: {"VoucherID":2,"UserID":1}
Info: 2023/04/13 17:30:34 api.go:52: {"VoucherID":2,"UserID":1}
Info: 2023/04/13 17:30:34 api.go:52: {"VoucherID":2,"UserID":1}
Info: 2023/04/13 17:30:34 api.go:52: {"VoucherID":2,"UserID":1}
Info: 2023/04/13 17:30:34 api.go:52: {"VoucherID":2,"UserID":1}
Info: 2023/04/13 17:30:34 api.go:52: {"VoucherID":2,"UserID":1}
Info: 2023/04/13 17:30:34 api.go:52: {"VoucherID":2,"UserID":1}
Info: 2023/04/13 17:30:34 api.go:52: {"VoucherID":2,"UserID":1}
Info: 2023/04/13 17:30:34 api.go:52: {"VoucherID":2,"UserID":1}
Info: 2023/04/13 17:30:34 api.go:52: {"VoucherID":2,"UserID":1}
Info: 2023/04/13 17:30:34 api.go:52: {"VoucherID":2,"UserID":1}
Info: 2023/04/13 17:30:34 api.go:52: {"VoucherID":2,"UserID":1}
Info: 2023/04/13 17:30:34 api.go:52: {"VoucherID":2,"UserID":1}
Info: 2023/04/13 17:30:34 api.go:52: {"VoucherID":2,"UserID":1}
Info: 2023/04/13 17:30:34 api.go:52: {"VoucherID":2,"UserID":1}
Info: 2023/04/13 17:30:34 api.go:52: {"VoucherID":2,"UserID":1}
Info: 2023/04/13 17:30:34 api.go:52: {"VoucherID":2,"UserID":1}
Info: 2023/04/13 17:30:34 api.go:52: {"VoucherID":2,"UserID":1}
Info: 2023/04/13 17:30:34 api.go:52: {"VoucherID":2,"UserID":1}
Info: 2023/04/13 17:30:34 api.go:52: {"VoucherID":2,"UserID":1}
Info: 2023/04/13 17:30:34 api.go:52: {"VoucherID":2,"UserID":1}
Info: 2023/04/13 17:30:34 api.go:52: {"VoucherID":2,"UserID":1}
Info: 2023/04/13 17:30:34 api.go:52: {"VoucherID":2,"UserID":1}
Info: 2023/04/13 17:30:34 api.go:52: {"VoucherID":2,"UserID":1}
Info: 2023/04/13 17:30:34 api.go:52: {"VoucherID":2,"UserID":1}
Info: 2023/04/13 17:30:34 api.go:52: {"VoucherID":2,"UserID":1}
Info: 2023/04/13 17:30:34 api.go:52: {"VoucherID":2,"UserID":1}
Info: 2023/04/13 17:30:34 api.go:52: {"VoucherID":2,"UserID":1}
Info: 2023/04/13 17:30:34 api.go:52: {"VoucherID":2,"UserID":1}
Info: 2023/04/13 17:30:34 api.go:52: {"VoucherID":2,"UserID":1}
Info: 2023/04/13 17:30:34 api.go:52: {"VoucherID":2,"UserID":1}
Info: 2023/04/13 17:30:34 api.go:52: {"VoucherID":2,"UserID":1}
Info: 2023/04/13 17:30:34 api.go:52: {"VoucherID":2,"UserID":1}
Info: 2023/04/13 17:30:34 api.go:52: {"VoucherID":2,"UserID":1}
Info: 2023/04/13 17:30:34 api.go:52: {"VoucherID":2,"UserID":1}
Info: 2023/04/13 17:30:34 api.go:52: {"VoucherID":2,"UserID":1}
Info: 2023/04/13 17:30:34 api.go:52: {"VoucherID":2,"UserID":1}
Info: 2023/04/13 17:30:34 api.go:52: {"VoucherID":2,"UserID":1}
Info: 2023/04/13 17:30:34 api.go:52: {"VoucherID":2,"UserID":1}
Info: 2023/04/13 17:30:35 api.go:52: {"VoucherID":2,"UserID":1}
Info: 2023/04/13 17:30:35 api.go:52: {"VoucherID":2,"UserID":1}
Info: 2023/04/13 17:30:35 api.go:52: {"VoucherID":2,"UserID":1}
Info: 2023/04/13 17:30:35 api.go:52: {"VoucherID":2,"UserID":1}
Info: 2023/04/13 17:30:35 api.go:52: {"VoucherID":2,"UserID":1}
Info: 2023/04/13 17:30:35 api.go:52: {"VoucherID":2,"UserID":1}
Info: 2023/04/13 17:30:35 api.go:52: {"VoucherID":2,"UserID":1}
Info: 2023/04/13 17:30:35 api.go:52: {"VoucherID":2,"UserID":1}
Info: 2023/04/13 17:30:35 api.go:52: {"VoucherID":2,"UserID":1}
Info: 2023/04/13 17:30:35 api.go:52: {"VoucherID":2,"UserID":1}
Info: 2023/04/13 17:30:35 api.go:52: {"VoucherID":2,"UserID":1}
Info: 2023/04/13 17:30:35 api.go:52: {"VoucherID":2,"UserID":1}
Info: 2023/04/13 17:30:35 api.go:52: {"VoucherID":2,"UserID":1}
Info: 2023/04/13 17:30:35 api.go:52: {"VoucherID":2,"UserID":1}
Info: 2023/04/13 17:30:35 api.go:52: {"VoucherID":2,"UserID":1}
Info: 2023/04/13 17:30:35 api.go:52: {"VoucherID":2,"UserID":1}
Info: 2023/04/13 17:30:35 api.go:52: {"VoucherID":2,"UserID":1}
Info: 2023/04/13 17:30:35 api.go:52: {"VoucherID":2,"UserID":1}
Info: 2023/04/13 17:30:35 api.go:52: {"VoucherID":2,"UserID":1}
Info: 2023/04/13 17:30:35 api.go:52: {"VoucherID":2,"UserID":1}
Info: 2023/04/13 17:30:35 api.go:52: {"VoucherID":2,"UserID":1}
Info: 2023/04/13 17:30:35 api.go:52: {"VoucherID":2,"UserID":1}
Info: 2023/04/13 17:30:35 api.go:52: {"VoucherID":2,"UserID":1}
Info: 2023/04/13 17:30:35 api.go:52: {"VoucherID":2,"UserID":1}
Info: 2023/04/13 17:30:35 api.go:52: {"VoucherID":2,"UserID":1}
Info: 2023/04/13 17:30:35 api.go:52: {"VoucherID":2,"UserID":1}
Info: 2023/04/13 17:30:35 api.go:52: {"VoucherID":2,"UserID":1}
Info: 2023/04/13 17:30:35 api.go:52: {"VoucherID":2,"UserID":1}
Info: 2023/04/13 17:30:35 api.go:52: {"VoucherID":2,"UserID":1}
Info: 2023/04/13 17:30:35 api.go:52: {"VoucherID":2,"UserID":1}
Info: 2023/04/13 17:30:35 api.go:52: {"VoucherID":2,"UserID":1}
Info: 2023/04/13 17:30:35 api.go:52: {"VoucherID":2,"UserID":1}
Info: 2023/04/13 17:30:35 api.go:52: {"VoucherID":2,"UserID":1}
Info: 2023/04/13 17:30:35 api.go:52: {"VoucherID":2,"UserID":1}
Info: 2023/04/13 17:30:35 api.go:52: {"VoucherID":2,"UserID":1}
Info: 2023/04/13 17:30:35 api.go:52: {"VoucherID":2,"UserID":1}
Info: 2023/04/13 17:30:35 api.go:52: {"VoucherID":2,"UserID":1}
Info: 2023/04/13 17:30:35 api.go:52: {"VoucherID":2,"UserID":1}
Info: 2023/04/13 17:30:35 api.go:52: {"VoucherID":2,"UserID":1}
Info: 2023/04/13 17:30:35 api.go:52: {"VoucherID":2,"UserID":1}
Info: 2023/04/13 17:30:35 api.go:52: {"VoucherID":2,"UserID":1}
Info: 2023/04/13 17:30:35 api.go:52: {"VoucherID":2,"UserID":1}
Info: 2023/04/13 17:30:35 api.go:52: {"VoucherID":2,"UserID":1}
Info: 2023/04/13 17:30:35 api.go:52: {"VoucherID":2,"UserID":1}
Info: 2023/04/13 17:30:35 api.go:52: {"VoucherID":2,"UserID":1}
Info: 2023/04/13 17:30:35 api.go:52: {"VoucherID":2,"UserID":1}
Info: 2023/04/13 17:30:35 api.go:52: {"VoucherID":2,"UserID":1}
Info: 2023/04/13 17:30:35 api.go:52: {"VoucherID":2,"UserID":1}
Info: 2023/04/13 17:30:35 api.go:52: {"VoucherID":2,"UserID":1}
Info: 2023/04/13 17:30:35 api.go:52: {"VoucherID":2,"UserID":1}
Info: 2023/04/13 17:30:35 api.go:52: {"VoucherID":2,"UserID":1}
Info: 2023/04/13 17:30:35 api.go:52: {"VoucherID":2,"UserID":1}
Info: 2023/04/13 17:30:35 api.go:52: {"VoucherID":2,"UserID":1}
Info: 2023/04/13 17:30:35 api.go:52: {"VoucherID":2,"UserID":1}
Info: 2023/04/13 17:30:35 api.go:52: {"VoucherID":2,"UserID":1}
Info: 2023/04/13 17:30:35 api.go:52: {"VoucherID":2,"UserID":1}
Info: 2023/04/13 17:30:35 api.go:52: {"VoucherID":2,"UserID":1}
Info: 2023/04/13 17:30:35 api.go:52: {"VoucherID":2,"UserID":1}
Info: 2023/04/13 17:30:35 api.go:52: {"VoucherID":2,"UserID":1}
Info: 2023/04/13 17:30:35 api.go:52: {"VoucherID":2,"UserID":1}
Info: 2023/04/13 17:30:35 api.go:52: {"VoucherID":2,"UserID":1}
